2025-03-20 15:40:56.293 +08:00 [INF] User profile is available. Using '/home/yiqiwang/.aspnet/DataProtection-Keys' as key repository; keys will not be encrypted at rest.
2025-03-20 15:40:57.504 +08:00 [WRN] The ASP.NET Core developer certificate is not trusted. For information about trusting the ASP.NET Core developer certificate, see https://aka.ms/aspnet/https-trust-dev-cert.
2025-03-20 15:40:57.790 +08:00 [INF] Now listening on: https://localhost:7018
2025-03-20 15:40:57.794 +08:00 [INF] Now listening on: http://localhost:5004
2025-03-20 15:40:57.800 +08:00 [INF] Application started. Press Ctrl+C to shut down.
2025-03-20 15:40:57.804 +08:00 [INF] Hosting environment: Development
2025-03-20 15:40:57.829 +08:00 [INF] Content root path: /home/yiqiwang/文档/MyC#/AspCoreStudy
2025-03-20 15:41:05.353 +08:00 [INF] Request starting HTTP/2 GET https://localhost:7018/ - null null
2025-03-20 15:41:05.484 +08:00 [INF] Executing endpoint 'AspCoreStudy.Controllers.AccountController.Login (AspCoreStudy)'
2025-03-20 15:41:05.622 +08:00 [INF] Route matched with {action = "Login", controller = "Account"}. Executing controller action with signature Microsoft.AspNetCore.Mvc.IActionResult Login() on controller AspCoreStudy.Controllers.AccountController (AspCoreStudy).
2025-03-20 15:41:09.749 +08:00 [INF] Executing ViewResult, running view Login.
2025-03-20 15:41:10.429 +08:00 [INF] Executed ViewResult - view Login executed in 650.7346ms.
2025-03-20 15:41:10.585 +08:00 [INF] Executed action AspCoreStudy.Controllers.AccountController.Login (AspCoreStudy) in 4960.2791ms
2025-03-20 15:41:10.588 +08:00 [INF] Executed endpoint 'AspCoreStudy.Controllers.AccountController.Login (AspCoreStudy)'
2025-03-20 15:41:10.694 +08:00 [INF] Request finished HTTP/2 GET https://localhost:7018/ - 200 null text/html; charset=utf-8 5359.8766ms
2025-03-20 15:44:15.442 +08:00 [INF] Request starting HTTP/2 POST https://localhost:7018/ - application/x-www-form-urlencoded 220
2025-03-20 15:44:15.464 +08:00 [INF] Executing endpoint 'AspCoreStudy.Controllers.AccountController.Login (AspCoreStudy)'
2025-03-20 15:44:15.613 +08:00 [INF] Route matched with {action = "Login", controller = "Account"}. Executing controller action with signature System.Threading.Tasks.Task`1[Microsoft.AspNetCore.Mvc.IActionResult] Login(AspCoreStudy.Models.User) on controller AspCoreStudy.Controllers.AccountController (AspCoreStudy).
2025-03-20 15:44:18.063 +08:00 [INF] Executed DbCommand (295ms) [Parameters=[@__username_0='?' (Size = 50), @__password_1='?' (Size = 255)], CommandType='"Text"', CommandTimeout='30']
SELECT `u`.`Id`, `u`.`CreatedAt`, `u`.`Email`, `u`.`PasswordHash`, `u`.`Username`
FROM `Users` AS `u`
WHERE (`u`.`Username` = @__username_0) AND (`u`.`PasswordHash` = @__password_1)
LIMIT 1
2025-03-20 15:44:18.678 +08:00 [ERR] 全局异常捕获：密码或账号错误
System.UnauthorizedAccessException: 密码或账号错误
   at AspCoreStudy.Services.UserService.AuthenticateUserAsync(String username, String password) in /home/yiqiwang/文档/MyC#/AspCoreStudy/Services/UserService.cs:line 23
   at AspCoreStudy.Controllers.AccountController.Login(User user) in /home/yiqiwang/文档/MyC#/AspCoreStudy/Controllers/AccountController.cs:line 82
   at Microsoft.AspNetCore.Mvc.Infrastructure.ActionMethodExecutor.TaskOfIActionResultExecutor.Execute(ActionContext actionContext, IActionResultTypeMapper mapper, ObjectMethodExecutor executor, Object controller, Object[] arguments)
   at Microsoft.AspNetCore.Mvc.Infrastructure.ControllerActionInvoker.<InvokeActionMethodAsync>g__Awaited|12_0(ControllerActionInvoker invoker, ValueTask`1 actionResultValueTask)
   at Microsoft.AspNetCore.Mvc.Infrastructure.ControllerActionInvoker.<InvokeNextActionFilterAsync>g__Awaited|10_0(ControllerActionInvoker invoker, Task lastTask, State next, Scope scope, Object state, Boolean isCompleted)
   at Microsoft.AspNetCore.Mvc.Infrastructure.ControllerActionInvoker.Rethrow(ActionExecutedContextSealed context)
   at Microsoft.AspNetCore.Mvc.Infrastructure.ControllerActionInvoker.Next(State& next, Scope& scope, Object& state, Boolean& isCompleted)
   at Microsoft.AspNetCore.Mvc.Infrastructure.ControllerActionInvoker.<InvokeInnerFilterAsync>g__Awaited|13_0(ControllerActionInvoker invoker, Task lastTask, State next, Scope scope, Object state, Boolean isCompleted)
   at Microsoft.AspNetCore.Mvc.Infrastructure.ResourceInvoker.<InvokeNextExceptionFilterAsync>g__Awaited|26_0(ResourceInvoker invoker, Task lastTask, State next, Scope scope, Object state, Boolean isCompleted)
2025-03-20 15:44:18.866 +08:00 [INF] Executing ViewResult, running view Error.
2025-03-20 15:44:19.065 +08:00 [INF] Executed ViewResult - view Error executed in 206.9867ms.
2025-03-20 15:44:19.076 +08:00 [INF] Executed action AspCoreStudy.Controllers.AccountController.Login (AspCoreStudy) in 3460.7771ms
2025-03-20 15:44:19.077 +08:00 [INF] Executed endpoint 'AspCoreStudy.Controllers.AccountController.Login (AspCoreStudy)'
2025-03-20 15:44:19.099 +08:00 [INF] Request finished HTTP/2 POST https://localhost:7018/ - 200 null text/html; charset=utf-8 3657.2606ms
2025-03-20 15:44:20.789 +08:00 [INF] Request starting HTTP/2 GET https://localhost:7018/ - null null
2025-03-20 15:44:20.795 +08:00 [INF] Executing endpoint 'AspCoreStudy.Controllers.AccountController.Login (AspCoreStudy)'
2025-03-20 15:44:20.798 +08:00 [INF] Route matched with {action = "Login", controller = "Account"}. Executing controller action with signature Microsoft.AspNetCore.Mvc.IActionResult Login() on controller AspCoreStudy.Controllers.AccountController (AspCoreStudy).
2025-03-20 15:44:20.839 +08:00 [INF] Executing ViewResult, running view Login.
2025-03-20 15:44:20.852 +08:00 [INF] Executed ViewResult - view Login executed in 13.1119ms.
2025-03-20 15:44:20.858 +08:00 [INF] Executed action AspCoreStudy.Controllers.AccountController.Login (AspCoreStudy) in 57.1187ms
2025-03-20 15:44:20.862 +08:00 [INF] Executed endpoint 'AspCoreStudy.Controllers.AccountController.Login (AspCoreStudy)'
2025-03-20 15:44:20.865 +08:00 [INF] Request finished HTTP/2 GET https://localhost:7018/ - 200 null text/html; charset=utf-8 75.9783ms
